Log file open, 06/23/17 14:18:17
LogInit:Display: Running engine for game: VictorianStreetModule
LogPlatformFile: Not using cached read wrapper
LogInit:Display: RandInit(-1395455890) SRandInit(-1395455890).
LogTaskGraph: Started task graph with 5 named threads and 10 total threads with 1 sets of task threads.
LogStats: Stats thread started at 0.116207
LogInit: Using libcurl 7.47.1
LogInit:  - built for x86_64-pc-win32
LogInit:  - supports SSL with OpenSSL/1.0.2g
LogInit:  - supports HTTP deflate (compression) using libz 1.2.8
LogInit:  - other features:
LogInit:      CURL_VERSION_SSL
LogInit:      CURL_VERSION_LIBZ
LogInit:      CURL_VERSION_IPV6
LogInit:      CURL_VERSION_ASYNCHDNS
LogInit:      CURL_VERSION_LARGEFILE
LogInit:      CURL_VERSION_IDN
LogInit:  CurlRequestOptions (configurable via config and command line):
LogInit:  - bVerifyPeer = false  - Libcurl will NOT verify peer certificate
LogInit:  - bUseHttpProxy = false  - Libcurl will NOT use HTTP proxy
LogInit:  - bDontReuseConnections = false  - Libcurl will reuse connections
LogInit:  - CertBundlePath = nullptr  - Libcurl will use whatever was configured at build time.
LogInit: Build: ++UE4+Release-4.16-CL-3466753
LogInit: Engine Version: 4.16.1-3466753+++UE4+Release-4.16
LogInit: Compatible Engine Version: 4.16.0-3452394+++UE4+Release-4.16
LogInit: Net CL: 3452394
LogDevObjectVersion: Number of dev versions registered: 16
LogDevObjectVersion:   Dev-Blueprints (B0D832E4-1F89-4F0D-ACCF-7EB736FD4AA2): 9
LogDevObjectVersion:   Dev-Build (E1C64328-A22C-4D53-A36C-8E866417BD8C): 0
LogDevObjectVersion:   Dev-Core (375EC13C-06E4-48FB-B500-84F0262A717E): 2
LogDevObjectVersion:   Dev-Editor (E4B068ED-F494-42E9-A231-DA0B2E46BB41): 17
LogDevObjectVersion:   Dev-Framework (CFFC743F-43B0-4480-9391-14DF171D2073): 23
LogDevObjectVersion:   Dev-Mobile (B02B49B5-BB20-44E9-A304-32B752E40360): 0
LogDevObjectVersion:   Dev-Networking (A4E4105C-59A1-49B5-A7C5-40C4547EDFEE): 0
LogDevObjectVersion:   Dev-Online (39C831C9-5AE6-47DC-9A44-9C173E1C8E7C): 0
LogDevObjectVersion:   Dev-Physics (78F01B33-EBEA-4F98-B9B4-84EACCB95AA2): 0
LogDevObjectVersion:   Dev-Platform (6631380F-2D4D-43E0-8009-CF276956A95A): 0
LogDevObjectVersion:   Dev-Rendering (12F88B9F-8875-4AFC-A67C-D90C383ABD29): 15
LogDevObjectVersion:   Dev-Sequencer (7B5AE74C-D270-4C10-A958-57980B212A5A): 4
LogDevObjectVersion:   Dev-VR (D7296918-1DD6-4BDD-9DE2-64A83CC13884): 0
LogDevObjectVersion:   Dev-LoadTimes (C2A15278-BFE7-4AFE-6C17-90FF531DF755): 1
LogDevObjectVersion:   Private-Geometry (6EACA3D4-40EC-4CC1-B786-8BED09428FC5): 1
LogDevObjectVersion:   Dev-AnimPhys (29E575DD-E0A3-4627-9D10-D276232CDCEA): 3
LogInit: Compiled (64-bit): May 31 2017 02:03:30
LogInit: Compiled with Visual C++: 19.00.24215.01
LogInit: Build Configuration: Development
LogInit: Branch Name: ++UE4+Release-4.16
LogInit: Command line:  
LogInit: Base directory: C:/Program Files/Epic Games/UE_4.16/Engine/Binaries/Win64/
LogInit: Installed Engine Build: 1
LogInit: Presizing for max 8388607 objects, including 0 objects not considered by GC, pre-allocating 0 bytes for permanent pool.
LogInit: Object subsystem initialized
[2017.06.23-18.18.17:928][  0]LogInit: Selected Device Profile: [Windows]
[2017.06.23-18.18.17:928][  0]LogInit: Applying CVar settings loaded from the selected device profile: [Windows]
[2017.06.23-18.18.17:941][  0]LogInit: Computer: DESKTOP-2UIDHV5
[2017.06.23-18.18.17:941][  0]LogInit: User: chris
[2017.06.23-18.18.17:941][  0]LogInit: CPU Page size=4096, Cores=6
[2017.06.23-18.18.17:941][  0]LogInit: High frequency timer resolution =3.294387 MHz
[2017.06.23-18.18.17:941][  0]LogMemory: Memory total: Physical=12.0GB (12GB approx)
[2017.06.23-18.18.17:941][  0]LogMemory: Platform Memory Stats for Windows
[2017.06.23-18.18.17:941][  0]LogMemory: Process Physical Memory: 274.29 MB used, 274.29 MB peak
[2017.06.23-18.18.17:941][  0]LogMemory: Process Virtual Memory: 266.98 MB used, 266.98 MB peak
[2017.06.23-18.18.17:941][  0]LogMemory: Physical Memory: 5502.52 MB used,  6783.96 MB free, 12286.48 MB total
[2017.06.23-18.18.17:941][  0]LogMemory: Virtual Memory: 647.59 MB used,  6783.96 MB free, 134217728.00 MB total
[2017.06.23-18.18.18:033][  0]LogInit: Using OS detected language (en-US).
[2017.06.23-18.18.18:033][  0]LogInit: Using OS detected locale (en-CA).
[2017.06.23-18.18.18:036][  0]LogTextLocalizationManager: No specific localization for 'en-US' exists, so the 'en' localization will be used.
[2017.06.23-18.18.19:013][  0]LogD3D11RHI: D3D11 adapters:
[2017.06.23-18.18.19:736][  0]LogD3D11RHI:    0. 'NVIDIA GeForce GTX 1070' (Feature Level 11_0)
[2017.06.23-18.18.19:736][  0]LogD3D11RHI:       8119/0/6143 MB DedicatedVideo/DedicatedSystem/SharedSystem, Outputs:2, VendorId:0x10de
[2017.06.23-18.18.19:738][  0]LogD3D11RHI:    1. 'Microsoft Basic Render Driver' (Feature Level 11_0)
[2017.06.23-18.18.19:738][  0]LogD3D11RHI:       0/0/6143 MB DedicatedVideo/DedicatedSystem/SharedSystem, Outputs:0, VendorId:0x1414
[2017.06.23-18.18.19:738][  0]LogD3D11RHI: Chosen D3D11 Adapter: 0
[2017.06.23-18.18.19:744][  0]LogD3D11RHI: Creating new Direct3DDevice
[2017.06.23-18.18.19:744][  0]LogD3D11RHI:     GPU DeviceId: 0x1b81 (for the marketing name, search the web for "GPU Device Id")
[2017.06.23-18.18.19:744][  0]LogWindows: EnumDisplayDevices:
[2017.06.23-18.18.19:744][  0]LogWindows:    0. 'NVIDIA GeForce GTX 1070' (P:0 D:1)
[2017.06.23-18.18.19:744][  0]LogWindows:    1. 'NVIDIA GeForce GTX 1070' (P:1 D:1)
[2017.06.23-18.18.19:744][  0]LogWindows:    2. 'NVIDIA GeForce GTX 1070' (P:0 D:0)
[2017.06.23-18.18.19:744][  0]LogWindows:    3. 'NVIDIA GeForce GTX 1070' (P:0 D:0)
[2017.06.23-18.18.19:744][  0]LogWindows: DebugString: FoundDriverCount:4 
[2017.06.23-18.18.19:744][  0]LogD3D11RHI:     Adapter Name: NVIDIA GeForce GTX 1070
[2017.06.23-18.18.19:744][  0]LogD3D11RHI:   Driver Version: 382.05 (internal:22.21.13.8205, unified:382.05)
[2017.06.23-18.18.19:744][  0]LogD3D11RHI:      Driver Date: 5-1-2017
[2017.06.23-18.18.19:744][  0]LogRHI: Texture pool is 1361 MB (70% of 1945 MB)
[2017.06.23-18.18.20:458][  0]LogD3D11RHI: Async texture creation enabled
[2017.06.23-18.18.20:493][  0]LogD3D11RHI: GPU Timing Frequency: 1000.000000 (Debug: 2 1)
[2017.06.23-18.18.20:589][  0]LogShaderCompilers: Guid format shader working directory is -25 characters bigger than the processId version (../../../../../../Users/chris/Documents/Unreal Projects/VictorianStreet/Intermediate/Shaders/WorkingDirectory/9248/).
[2017.06.23-18.18.20:589][  0]LogShaderCompilers: Cleaned the shader compiler working directory 'C:/Users/chris/AppData/Local/Temp/UnrealShaderWorkingDir/75F3EF764152681A66E80298E852E1AC/'.
[2017.06.23-18.18.20:589][  0]LogShaderCompilers:Display: Using Local Shader Compiler.
[2017.06.23-18.18.21:838][  0]LogTemp:Display: Loaded TP AllDesktopTargetPlatform
[2017.06.23-18.18.21:904][  0]LogTemp:Display: Loaded TP MacClientTargetPlatform
[2017.06.23-18.18.21:969][  0]LogTemp:Display: Loaded TP MacNoEditorTargetPlatform
[2017.06.23-18.18.22:036][  0]LogTemp:Display: Loaded TP MacServerTargetPlatform
[2017.06.23-18.18.22:102][  0]LogTemp:Display: Loaded TP MacTargetPlatform
[2017.06.23-18.18.22:168][  0]LogTemp:Display: Loaded TP WindowsClientTargetPlatform
[2017.06.23-18.18.22:234][  0]LogTemp:Display: Loaded TP WindowsNoEditorTargetPlatform
[2017.06.23-18.18.22:301][  0]LogTemp:Display: Loaded TP WindowsServerTargetPlatform
[2017.06.23-18.18.22:359][  0]LogTemp:Display: Loaded TP WindowsTargetPlatform
[2017.06.23-18.18.22:425][  0]LogTemp:Display: Loaded TP AndroidTargetPlatform
[2017.06.23-18.18.22:488][  0]LogTemp:Display: Loaded TP Android_ASTCTargetPlatform
[2017.06.23-18.18.22:552][  0]LogTemp:Display: Loaded TP Android_ATCTargetPlatform
[2017.06.23-18.18.22:615][  0]LogTemp:Display: Loaded TP Android_DXTTargetPlatform
[2017.06.23-18.18.22:679][  0]LogTemp:Display: Loaded TP Android_ETC1TargetPlatform
[2017.06.23-18.18.22:742][  0]LogTemp:Display: Loaded TP Android_ETC2TargetPlatform
[2017.06.23-18.18.22:869][  0]LogTemp:Display: Loaded TP Android_MultiTargetPlatform
[2017.06.23-18.18.22:869][  0]LogTemp:Display: Loaded TP Android_PVRTCTargetPlatform
[2017.06.23-18.18.22:922][  0]LogTemp:Display: Loaded TP HTML5TargetPlatform
[2017.06.23-18.18.23:035][  0]LogTemp:Display: Loaded TP IOSTargetPlatform
[2017.06.23-18.18.23:074][  0]LogTemp:Display: Loaded TP TVOSTargetPlatform
[2017.06.23-18.18.23:138][  0]LogTemp:Display: Loaded TP LinuxClientTargetPlatform
[2017.06.23-18.18.23:201][  0]LogTemp:Display: Loaded TP LinuxNoEditorTargetPlatform
[2017.06.23-18.18.23:265][  0]LogTemp:Display: Loaded TP LinuxServerTargetPlatform
[2017.06.23-18.18.23:330][  0]LogTemp:Display: Loaded TP LinuxTargetPlatform
[2017.06.23-18.18.23:330][  0]LogTargetPlatformManager:Display: Building Assets For Windows
[2017.06.23-18.18.23:973][  0]LogDerivedDataCache:Display: Max Cache Size: 512 MB
[2017.06.23-18.18.24:080][  0]LogDerivedDataCache: Loaded boot cache 0.11s 90MB C:/Users/chris/AppData/Local/UnrealEngine/4.16/DerivedDataCache/Boot.ddc.
[2017.06.23-18.18.24:080][  0]LogDerivedDataCache:Display: Loaded Boot cache: C:/Users/chris/AppData/Local/UnrealEngine/4.16/DerivedDataCache/Boot.ddc
[2017.06.23-18.18.24:080][  0]LogDerivedDataCache: FDerivedDataBackendGraph:  Pak pak cache file ../../../../../../Users/chris/Documents/Unreal Projects/VictorianStreet/DerivedDataCache/DDC.ddp not found, will not use a pak cache.
[2017.06.23-18.18.24:080][  0]LogDerivedDataCache: Unable to find inner node Pak for hierarchical cache Hierarchy.
[2017.06.23-18.18.24:080][  0]LogDerivedDataCache: FDerivedDataBackendGraph:  CompressedPak pak cache file ../../../../../../Users/chris/Documents/Unreal Projects/VictorianStreet/DerivedDataCache/Compressed.ddp not found, will not use a pak cache.
[2017.06.23-18.18.24:080][  0]LogDerivedDataCache: Unable to find inner node CompressedPak for hierarchical cache Hierarchy.
[2017.06.23-18.18.24:097][  0]LogDerivedDataCache:Display: Pak cache opened for reading ../../../Engine/DerivedDataCache/Compressed.ddp.
[2017.06.23-18.18.24:108][  0]LogDerivedDataCache: Using Local data cache path C:/Users/chris/AppData/Local/UnrealEngine/Common/DerivedDataCache: Writable
[2017.06.23-18.18.24:120][  0]LogMaterial: Verifying Global Shaders for PCD3D_SM5
[2017.06.23-18.18.24:120][  0]LogSlate: Using Freetype 2.6.0
[2017.06.23-18.18.24:121][  0]LogSlate: SlateFontCache - WITH_FREETYPE: 1, WITH_HARFBUZZ: 1
[2017.06.23-18.18.24:121][  0]LogSlate: SlateFontCache - WITH_FREETYPE: 1, WITH_HARFBUZZ: 1
[2017.06.23-18.18.24:511][  0]LogInit: Selected Device Profile: [Windows]
[2017.06.23-18.18.24:589][  0]LogContentStreaming: Texture pool size is 0.00 MB
[2017.06.23-18.18.24:782][  0]LogMeshUtilities: Using QuadricMeshReduction for automatic static mesh reduction
[2017.06.23-18.18.24:840][  0]LogSimplygon: Simplygon DLL not present - disabling.
[2017.06.23-18.18.24:900][  0]LogMeshUtilities: Using SimplygonSwarm for distributed automatic mesh merging
[2017.06.23-18.18.24:900][  0]LogMeshUtilities: No automatic skeletal mesh reduction module available
[2017.06.23-18.18.24:900][  0]LogMeshUtilities: No automatic mesh merging module available
[2017.06.23-18.18.25:540][  0]LogNetVersion: VictorianStreetModule , NetCL: 3452394, EngineNetVer: 2, GameNetVer: 0 (Checksum: 1240920607)
[2017.06.23-18.18.25:615][  0]LogAssetRegistry: FAssetRegistry took 0.0272 seconds to start up
[2017.06.23-18.18.25:675][  0]LogPackageLocalizationCache: Processed 4 localized package path(s) for 2 prioritized culture(s) in 0.029933 seconds
[2017.06.23-18.18.25:679][  0]LogUObjectArray: 34194 objects as part of root set at end of initial load.
[2017.06.23-18.18.25:679][  0]LogUObjectAllocator: 7260416 out of 0 bytes used by permanent object pool.
[2017.06.23-18.18.25:679][  0]LogUObjectArray: CloseDisregardForGC: 0/0 objects in disregard for GC pool
[2017.06.23-18.18.25:767][  0]LogInit: WinSock: version 1.1 (2.2), MaxSocks=32767, MaxUdp=65467
[2017.06.23-18.18.28:762][  0]LogSubstanceCoreModule: Substance [CPU] Engine Loaded, Max Texture Size = 2048
[2017.06.23-18.18.28:805][  0]LogTcpMessaging: Initializing TcpMessaging bridge
[2017.06.23-18.18.28:855][  0]LogUdpMessaging: Initializing bridge on interface 0.0.0.0:0 to multicast group 230.0.0.1:6666.
[2017.06.23-18.18.29:505][  0]LogMaterial: Uniform references updated for custom material expression Custom.
[2017.06.23-18.18.30:011][  0]SourceControl: Info Source control is disabled
[2017.06.23-18.18.30:037][  0]SourceControl: Info Source control is disabled
[2017.06.23-18.18.30:101][  0]SourceControl: Info Source control is disabled
[2017.06.23-18.18.30:163][  0]SourceControl: Info Source control is disabled
[2017.06.23-18.18.31:041][  0]LogAndroidPermission: UAndroidPermissionCallbackProxy::GetInstance
[2017.06.23-18.18.31:863][  0]LogEngine: Initializing Engine...
[2017.06.23-18.18.31:887][  0]LogHMD: Failed to initialize OpenVR with code 208
[2017.06.23-18.18.32:113][  0]LogStats: UGameplayTagsManager::ConstructGameplayTagTree: Construct from data asset -  0.000 s
[2017.06.23-18.18.32:113][  0]LogStats: UGameplayTagsManager::ConstructGameplayTagTree: GameplayTagTreeChangedEvent.Broadcast -  0.000 s
[2017.06.23-18.18.32:278][  0]LogAIModule: Creating AISystem for world Untitled
[2017.06.23-18.18.32:300][  0]LogInit: XAudio2 using 'Speakers (High Definition Audio Device)' : 2 channels at 44.1 kHz using 16 bits per sample (channel mask 0x3)
[2017.06.23-18.18.32:324][  0]LogInit: FAudioDevice initialized.
[2017.06.23-18.18.32:368][  0]LogDerivedDataCache: Saved boot cache 0.04s 90MB C:/Users/chris/AppData/Local/UnrealEngine/4.16/DerivedDataCache/Boot.ddc.
[2017.06.23-18.18.32:388][  0]LogInit: Texture streaming: Enabled
[2017.06.23-18.18.32:516][  0]LogEngineSessionManager: EngineSessionManager initialized
[2017.06.23-18.18.32:828][  0]LogInit: Transaction tracking system initialized
[2017.06.23-18.18.33:244][  0]BlueprintLog: New page: Editor Load
[2017.06.23-18.18.34:498][  0]LocalizationService: Info Localization service is disabled
[2017.06.23-18.18.35:402][  0]LogConsoleResponse:Display: 
[2017.06.23-18.18.35:573][  0]LogCook:Display: Max memory allowance for cook 16384mb min free memory 0mb
[2017.06.23-18.18.35:573][  0]LogCook:Display: Mobile HDR setting 1
[2017.06.23-18.18.36:323][  0]LogFileCache: Scanning file cache for directory 'C:/Users/chris/Documents/Unreal Projects/VictorianStreet/Content/' took 0.01s
[2017.06.23-18.18.36:930][  0]SourceControl: Info Source control is disabled
[2017.06.23-18.18.36:930][  0]Cmd: MAP LOAD FILE="../../../../../../Users/chris/Documents/Unreal Projects/VictorianStreet/Content/ThirdPersonBP/Maps/ThirdPersonExampleMap.umap" TEMPLATE=0 SHOWPROGRESS=1 FEATURELEVEL=3
[2017.06.23-18.18.36:930][  0]LightingResults: New page: Lighting Build
[2017.06.23-18.18.36:987][  0]MapCheck: New page: Map Check
[2017.06.23-18.18.36:987][  0]LightingResults: New page: Lighting Build
[2017.06.23-18.18.37:500][  0]LogAIModule: Creating AISystem for world ThirdPersonExampleMap
[2017.06.23-18.18.37:510][  0]LogEditorServer: Finished looking for orphan Actors (0.000 secs)
[2017.06.23-18.18.37:534][  0]Cmd: MAP CHECKDEP NOCLEARLOG
[2017.06.23-18.18.37:606][  0]MapCheck: Info Map check complete: 0 Error(s), 0 Warning(s), took 71.929ms to complete.
[2017.06.23-18.18.37:606][  0]LogFileHelpers: Loading map 'ThirdPersonExampleMap' took 0.677
[2017.06.23-18.18.37:763][  0]LogCollectionManager: Loaded 0 collections in 0.001636 seconds
[2017.06.23-18.18.37:857][  0]LogFileCache: Scanning file cache for directory 'C:/Users/chris/Documents/Unreal Projects/VictorianStreet/Saved/Collections/' took 0.01s
[2017.06.23-18.18.37:857][  0]LogFileCache: Scanning file cache for directory 'C:/Users/chris/Documents/Unreal Projects/VictorianStreet/Content/Developers/chris/Collections/' took 0.01s
[2017.06.23-18.18.37:858][  0]LogFileCache: Scanning file cache for directory 'C:/Users/chris/Documents/Unreal Projects/VictorianStreet/Content/Collections/' took 0.01s
[2017.06.23-18.18.37:858][  0]LogCollectionManager: Rebuilt the GUID cache for 0 collections in 0.000002 seconds
[2017.06.23-18.18.37:874][  0]LogContentBrowser: Native class hierarchy populated in 0.0160 seconds. Added 2343 classes and 497 folders.
[2017.06.23-18.18.37:961][  0]LogContentBrowser: Native class hierarchy updated for 'WidgetCarousel' in 0.0006 seconds. Added 0 classes and 0 folders.
[2017.06.23-18.18.38:004][  0]LogContentBrowser: Native class hierarchy updated for 'AddContentDialog' in 0.0006 seconds. Added 0 classes and 0 folders.
[2017.06.23-18.18.38:063][  0]LogContentBrowser: Native class hierarchy updated for 'SceneOutliner' in 0.0006 seconds. Added 1 classes and 2 folders.
[2017.06.23-18.18.38:168][  0]LogCrashTracker: Crashtracker disabled due to settings.
[2017.06.23-18.18.38:173][  0]LogSlate: Took 0.000238 seconds to synchronously load lazily loaded font '../../../Engine/Content/Slate/Fonts/Roboto-Regular.ttf' (155K)
[2017.06.23-18.18.38:176][  0]LogSlate: Took 0.000180 seconds to synchronously load lazily loaded font '../../../Engine/Content/Slate/Fonts/Roboto-Bold.ttf' (160K)
[2017.06.23-18.18.38:181][  0]LogSlate: Took 0.000160 seconds to synchronously load lazily loaded font '../../../Engine/Content/Editor/Slate/Fonts/FontAwesome.ttf' (139K)
[2017.06.23-18.18.38:300][  0]LogRenderer: Reallocating scene render targets to support 1208x560 NumSamples 1 (Frame:1).
[2017.06.23-18.18.38:570][  0]LogContentBrowser: Native class hierarchy updated for 'HierarchicalLODOutliner' in 0.0007 seconds. Added 1 classes and 2 folders.
[2017.06.23-18.18.38:571][  0]LogLoad: (Engine Initialization) Total time: 22.51 seconds
[2017.06.23-18.18.38:571][  0]LogLoad: (Engine Initialization) Total Blueprint compile time: 0.17 seconds
[2017.06.23-18.18.38:571][  0]LogExternalProfiler: No external profilers were discovered.  External profiling features will not be available.
[2017.06.23-18.18.38:910][  0]LogOcInput: OculusInput pre-init called
[2017.06.23-18.18.38:910][  0]LogHMD: Starting GearVRController plugin
[2017.06.23-18.18.38:928][  0]LogContentStreaming: Texture pool size now 1000 MB
[2017.06.23-18.18.38:932][  0]LogSlate: Took 0.000162 seconds to synchronously load lazily loaded font '../../../Engine/Content/Slate/Fonts/Roboto-Light.ttf' (159K)
[2017.06.23-18.18.38:981][  0]LogSlate: Took 0.000186 seconds to synchronously load lazily loaded font '../../../Engine/Content/Slate/Fonts/Roboto-Light.ttf' (159K)
[2017.06.23-18.18.39:252][  1]LogAssetRegistry: Asset discovery search completed in 13.6599 seconds
[2017.06.23-18.18.39:254][  1]LogCollectionManager: Rebuilt the object cache for 0 collections in 0.000001 seconds (found 0 objects)
[2017.06.23-18.18.39:254][  1]LogCollectionManager: Fixed up redirectors for 0 collections in 0.000028 seconds (updated 0 objects)
[2017.06.23-18.18.55:813][280]LogWindowsTextInputMethodSystem:Display: IME system now deactivated.
[2017.06.23-18.18.55:987][281]Cmd: QUIT_EDITOR
[2017.06.23-18.18.56:015][281]LogExit: Preparing to exit.
[2017.06.23-18.18.57:079][281]LogDirectoryWatcher: A directory notification for 'C:/Users/chris/Documents/Unreal Projects/VictorianStreet/Content/' was aborted.
[2017.06.23-18.18.57:120][281]LogExit: Editor shut down
[2017.06.23-18.18.57:125][281]LogExit: Transaction tracking system shut down
[2017.06.23-18.18.57:189][281]LogObj: Freed 0b from 0 cluster array pools.
[2017.06.23-18.18.57:189][281]LogExit: Object subsystem successfully closed.
[2017.06.23-18.18.57:207][281]LogD3D11RHI: Shutdown
[2017.06.23-18.18.57:207][281]LogD3D11RHI: CleanupD3DDevice
[2017.06.23-18.18.57:275][281]LogD3D11RHI: ~FD3D11DynamicRHI
[2017.06.23-18.18.57:295][281]LogModuleManager: Shutting down and abandoning module HierarchicalLODOutliner (528)
[2017.06.23-18.18.57:295][281]LogModuleManager: Shutting down and abandoning module CrashTracker (526)
[2017.06.23-18.18.57:295][281]LogModuleManager: Shutting down and abandoning module SceneOutliner (524)
[2017.06.23-18.18.57:295][281]LogModuleManager: Shutting down and abandoning module AddContentDialog (522)
[2017.06.23-18.18.57:295][281]LogDirectoryWatcher: A directory notification for 'C:/Program Files/Epic Games/UE_4.16/FeaturePacks/' was aborted.
[2017.06.23-18.18.57:296][281]LogModuleManager: Shutting down and abandoning module WidgetCarousel (521)
[2017.06.23-18.18.57:296][281]LogModuleManager: Shutting down and abandoning module EditorWidgets (518)
[2017.06.23-18.18.57:296][281]LogModuleManager: Shutting down and abandoning module CollectionManager (516)
[2017.06.23-18.18.57:296][281]LogDirectoryWatcher: A directory notification for 'C:/Users/chris/Documents/Unreal Projects/VictorianStreet/Content/Collections/' was aborted.
[2017.06.23-18.18.57:296][281]LogDirectoryWatcher: A directory notification for 'C:/Users/chris/Documents/Unreal Projects/VictorianStreet/Content/Developers/chris/Collections/' was aborted.
[2017.06.23-18.18.57:296][281]LogDirectoryWatcher: A directory notification for 'C:/Users/chris/Documents/Unreal Projects/VictorianStreet/Saved/Collections/' was aborted.
[2017.06.23-18.18.57:297][281]LogModuleManager: Shutting down and abandoning module StatsViewer (514)
[2017.06.23-18.18.57:297][281]LogModuleManager: Shutting down and abandoning module FoliageEdit (512)
[2017.06.23-18.18.57:297][281]LogModuleManager: Shutting down and abandoning module LandscapeEditor (510)
[2017.06.23-18.18.57:297][281]LogModuleManager: Shutting down and abandoning module MeshPaintMode (508)
[2017.06.23-18.18.57:297][281]LogModuleManager: Shutting down and abandoning module SceneDepthPickerMode (506)
[2017.06.23-18.18.57:297][281]LogModuleManager: Shutting down and abandoning module ActorPickerMode (504)
[2017.06.23-18.18.57:297][281]LogModuleManager: Shutting down and abandoning module GeometryMode (502)
[2017.06.23-18.18.57:297][281]LogModuleManager: Shutting down and abandoning module TextureAlignMode (500)
[2017.06.23-18.18.57:297][281]LogModuleManager: Shutting down and abandoning module BspMode (498)
[2017.06.23-18.18.57:297][281]LogModuleManager: Shutting down and abandoning module HardwareSurvey (496)
[2017.06.23-18.18.57:297][281]LogModuleManager: Shutting down and abandoning module SequenceRecorderSections (494)
[2017.06.23-18.18.57:297][281]LogModuleManager: Shutting down and abandoning module AutomationWorker (492)
[2017.06.23-18.18.57:297][281]LogModuleManager: Shutting down and abandoning module MatineeToLevelSequence (490)
[2017.06.23-18.18.57:297][281]LogModuleManager: Shutting down and abandoning module LevelSequenceEditor (488)
[2017.06.23-18.18.57:297][281]LogModuleManager: Shutting down and abandoning module PlacementMode (487)
[2017.06.23-18.18.57:297][281]LogModuleManager: Shutting down and abandoning module WmfMediaFactory (484)
[2017.06.23-18.18.57:297][281]LogModuleManager: Shutting down and abandoning module WmfMediaEditor (482)
[2017.06.23-18.18.57:297][281]LogModuleManager: Shutting down and abandoning module AvfMediaFactory (480)
[2017.06.23-18.18.57:297][281]LogModuleManager: Shutting down and abandoning module AvfMediaEditor (478)
[2017.06.23-18.18.57:297][281]LogModuleManager: Shutting down and abandoning module AndroidMediaFactory (476)
[2017.06.23-18.18.57:297][281]LogModuleManager: Shutting down and abandoning module Media (475)
[2017.06.23-18.18.57:297][281]LogModuleManager: Shutting down and abandoning module AndroidMediaEditor (472)
[2017.06.23-18.18.57:297][281]LogModuleManager: Shutting down and abandoning module CharacterAI (470)
[2017.06.23-18.18.57:297][281]LogModuleManager: Shutting down and abandoning module AudioCapture (468)
[2017.06.23-18.18.57:297][281]LogModuleManager: Shutting down and abandoning module SequenceRecorder (467)
[2017.06.23-18.18.57:297][281]LogModuleManager: Shutting down and abandoning module SmartSnapping (464)
[2017.06.23-18.18.57:297][281]LogModuleManager: Shutting down and abandoning module SessionServices (462)
[2017.06.23-18.18.57:297][281]LogModuleManager: Shutting down and abandoning module ViewportSnapping (460)
[2017.06.23-18.18.57:297][281]LogModuleManager: Shutting down and abandoning module ViewportInteraction (458)
[2017.06.23-18.18.57:297][281]LogModuleManager: Shutting down and abandoning module ClothPainter (456)
[2017.06.23-18.18.57:297][281]LogModuleManager: Shutting down and abandoning module LogVisualizer (454)
[2017.06.23-18.18.57:297][281]LogModuleManager: Shutting down and abandoning module IntroTutorials (452)
[2017.06.23-18.18.57:297][281]LogModuleManager: Shutting down and abandoning module GameProjectGeneration (451)
[2017.06.23-18.18.57:297][281]LogModuleManager: Shutting down and abandoning module EditorLiveStreaming (448)
[2017.06.23-18.18.57:297][281]LogModuleManager: Shutting down and abandoning module IOSPlatformEditor (446)
[2017.06.23-18.18.57:297][281]LogModuleManager: Shutting down and abandoning module HTML5PlatformEditor (444)
[2017.06.23-18.18.57:297][281]LogModuleManager: Shutting down and abandoning module AndroidPlatformEditor (442)
[2017.06.23-18.18.57:297][281]LogModuleManager: Shutting down and abandoning module AndroidDeviceDetection (441)
[2017.06.23-18.18.57:945][281]LogModuleManager: Shutting down and abandoning module IOSRuntimeSettings (438)
[2017.06.23-18.18.57:945][281]LogModuleManager: Shutting down and abandoning module AndroidRuntimeSettings (436)
[2017.06.23-18.18.57:945][281]LogModuleManager: Shutting down and abandoning module InputBindingEditor (434)
[2017.06.23-18.18.57:945][281]LogModuleManager: Shutting down and abandoning module MergeActors (432)
[2017.06.23-18.18.57:945][281]LogModuleManager: Shutting down and abandoning module SizeMap (430)
[2017.06.23-18.18.57:945][281]LogModuleManager: Shutting down and abandoning module TreeMap (428)
[2017.06.23-18.18.57:945][281]LogModuleManager: Shutting down and abandoning module ReferenceViewer (426)
[2017.06.23-18.18.57:945][281]LogModuleManager: Shutting down and abandoning module LocalizationDashboard (424)
[2017.06.23-18.18.57:945][281]LogModuleManager: Shutting down and abandoning module LocalizationService (423)
[2017.06.23-18.18.57:945][281]LogModuleManager: Shutting down and abandoning module HardwareTargeting (420)
[2017.06.23-18.18.57:945][281]LogModuleManager: Shutting down and abandoning module DeviceProfileEditor (418)
[2017.06.23-18.18.57:945][281]LogModuleManager: Shutting down and abandoning module UndoHistory (416)
[2017.06.23-18.18.57:945][281]LogModuleManager: Shutting down and abandoning module UserFeedback (414)
[2017.06.23-18.18.57:945][281]LogModuleManager: Shutting down and abandoning module XmlParser (412)
[2017.06.23-18.18.57:945][281]LogModuleManager: Shutting down and abandoning module Blutility (410)
[2017.06.23-18.18.57:945][281]LogModuleManager: Shutting down and abandoning module ProjectSettingsViewer (408)
[2017.06.23-18.18.57:945][281]LogModuleManager: Shutting down and abandoning module ProjectTargetPlatformEditor (407)
[2017.06.23-18.18.57:945][281]LogModuleManager: Shutting down and abandoning module EditorSettingsViewer (404)
[2017.06.23-18.18.57:945][281]LogModuleManager: Shutting down and abandoning module SettingsEditor (402)
[2017.06.23-18.18.57:946][281]LogModuleManager: Shutting down and abandoning module ProjectLauncher (400)
[2017.06.23-18.18.57:946][281]LogModuleManager: Shutting down and abandoning module SessionFrontend (398)
[2017.06.23-18.18.57:946][281]LogModuleManager: Shutting down and abandoning module ProfilerClient (396)
[2017.06.23-18.18.57:946][281]LogModuleManager: Shutting down and abandoning module DeviceManager (394)
[2017.06.23-18.18.57:946][281]LogModuleManager: Shutting down and abandoning module TargetDeviceServices (393)
[2017.06.23-18.18.58:011][281]LogModuleManager: Shutting down and abandoning module AutomationController (390)
[2017.06.23-18.18.58:011][281]LogModuleManager: Shutting down and abandoning module AutomationWindow (388)
[2017.06.23-18.18.58:011][281]LogModuleManager: Shutting down and abandoning module Layers (386)
[2017.06.23-18.18.58:011][281]LogModuleManager: Shutting down and abandoning module ComponentVisualizers (384)
[2017.06.23-18.18.58:011][281]LogModuleManager: Shutting down and abandoning module DetailCustomizations (382)
[2017.06.23-18.18.58:011][281]LogModuleManager: Shutting down and abandoning module PackagesDialog (380)
[2017.06.23-18.18.58:011][281]LogModuleManager: Shutting down and abandoning module Persona (378)
[2017.06.23-18.18.58:011][281]LogModuleManager: Shutting down and abandoning module AdvancedPreviewScene (377)
[2017.06.23-18.18.58:011][281]LogModuleManager: Shutting down and abandoning module AnimGraph (375)
[2017.06.23-18.18.58:011][281]LogModuleManager: Shutting down and abandoning module Kismet (372)
[2017.06.23-18.18.58:011][281]LogModuleManager: Shutting down and abandoning module ClassViewer (370)
[2017.06.23-18.18.58:011][281]LogModuleManager: Shutting down and abandoning module Toolbox (368)
[2017.06.23-18.18.58:011][281]LogModuleManager: Shutting down and abandoning module ModuleUI (366)
[2017.06.23-18.18.58:011][281]LogModuleManager: Shutting down and abandoning module MovieSceneTools (364)
[2017.06.23-18.18.58:011][281]LogModuleManager: Shutting down and abandoning module OutputLog (362)
[2017.06.23-18.18.58:011][281]LogModuleManager: Shutting down and abandoning module GammaUI (360)
[2017.06.23-18.18.58:011][281]LogModuleManager: Shutting down and abandoning module Documentation (358)
[2017.06.23-18.18.58:011][281]LogModuleManager: Shutting down and abandoning module MovieSceneTracks (356)
[2017.06.23-18.18.58:012][281]LogModuleManager: Shutting down and abandoning module MovieScene (354)
[2017.06.23-18.18.58:012][281]LogModuleManager: Shutting down and abandoning module Niagara (352)
[2017.06.23-18.18.58:012][281]LogModuleManager: Shutting down and abandoning module NiagaraEditor (351)
[2017.06.23-18.18.58:012][281]LogModuleManager: Shutting down and abandoning module StreamingPauseRendering (348)
[2017.06.23-18.18.58:012][281]LogModuleManager: Shutting down and abandoning module AnalyticsET (346)
[2017.06.23-18.18.58:012][281]LogModuleManager: Shutting down and abandoning module PortalServices (344)
[2017.06.23-18.18.58:012][281]LogModuleManager: Shutting down and abandoning module PortalRpc (342)
[2017.06.23-18.18.58:012][281]LogModuleManager: Shutting down and abandoning module MessagingRpc (340)
[2017.06.23-18.18.58:012][281]LogModuleManager: Shutting down and abandoning module AIModule (338)
[2017.06.23-18.18.58:012][281]LogModuleManager: Shutting down and abandoning module GameplayDebugger (337)
[2017.06.23-18.18.58:012][281]LogModuleManager: Shutting down and abandoning module AITestSuite (335)
[2017.06.23-18.18.58:012][281]LogModuleManager: Shutting down and abandoning module ProfilerService (332)
[2017.06.23-18.18.58:108][281]LogModuleManager: Shutting down and abandoning module TaskGraph (330)
[2017.06.23-18.18.58:108][281]LogModuleManager: Shutting down and abandoning module SubstanceEditor (328)
[2017.06.23-18.18.58:109][281]LogModuleManager: Shutting down and abandoning module SteamVRController (326)
[2017.06.23-18.18.58:109][281]LogModuleManager: Shutting down and abandoning module SteamVR (324)
[2017.06.23-18.18.58:109][281]LogModuleManager: Shutting down and abandoning module ProceduralMeshComponentEditor (322)
[2017.06.23-18.18.58:109][281]LogModuleManager: Shutting down and abandoning module ProceduralMeshComponent (320)
[2017.06.23-18.18.58:109][281]LogModuleManager: Shutting down and abandoning module OculusLibrary (318)
[2017.06.23-18.18.58:109][281]LogModuleManager: Shutting down and abandoning module OculusInput (316)
[2017.06.23-18.18.58:109][281]LogModuleManager: Shutting down and abandoning module MobilePatchingUtils (314)
[2017.06.23-18.18.58:109][281]LogModuleManager: Shutting down and abandoning module CustomMeshComponent (312)
[2017.06.23-18.18.58:109][281]LogModuleManager: Shutting down and abandoning module CableComponent (310)
[2017.06.23-18.18.58:109][281]LogModuleManager: Shutting down and abandoning module ArchVisCharacter (308)
[2017.06.23-18.18.58:109][281]LogModuleManager: Shutting down and abandoning module AndroidPermission (306)
[2017.06.23-18.18.58:109][281]LogModuleManager: Shutting down and abandoning module MediaPlayerEditor (302)
[2017.06.23-18.18.58:109][281]LogModuleManager: Shutting down and abandoning module HTML5Networking (300)
[2017.06.23-18.18.58:109][281]LogModuleManager: Shutting down and abandoning module AlembicImporter (298)
[2017.06.23-18.18.58:109][281]LogModuleManager: Shutting down and abandoning module AlembicLibrary (297)
[2017.06.23-18.18.58:109][281]LogModuleManager: Shutting down and abandoning module GeometryCache (296)
[2017.06.23-18.18.58:109][281]LogModuleManager: Shutting down and abandoning module GeometryCacheEd (295)
[2017.06.23-18.18.58:109][281]LogModuleManager: Shutting down and abandoning module SuperSearchEditor (290)
[2017.06.23-18.18.58:109][281]LogModuleManager: Shutting down and abandoning module SuperSearch (289)
[2017.06.23-18.18.58:109][281]LogModuleManager: Shutting down and abandoning module SpeedTreeImporter (286)
[2017.06.23-18.18.58:109][281]LogModuleManager: Shutting down and abandoning module PluginBrowser (284)
[2017.06.23-18.18.58:109][281]LogModuleManager: Shutting down and abandoning module MobileLauncherProfileWizard (282)
[2017.06.23-18.18.58:109][281]LogModuleManager: Shutting down and abandoning module VisualStudioSourceCodeAccess (280)
[2017.06.23-18.18.58:109][281]LogModuleManager: Shutting down and abandoning module DesktopPlatform (279)
[2017.06.23-18.18.58:109][281]LogModuleManager: Shutting down and abandoning module UObjectPlugin (276)
[2017.06.23-18.18.58:109][281]LogModuleManager: Shutting down and abandoning module SubversionSourceControl (274)
[2017.06.23-18.18.58:109][281]LogModuleManager: Shutting down and abandoning module PerforceSourceControl (272)
[2017.06.23-18.18.58:109][281]LogModuleManager: Shutting down and abandoning module GitSourceControl (270)
[2017.06.23-18.18.58:109][281]LogModuleManager: Shutting down and abandoning module SourceControl (269)
[2017.06.23-18.18.58:109][281]LogModuleManager: Shutting down and abandoning module LightPropagationVolumeEditor (266)
[2017.06.23-18.18.58:109][281]LogModuleManager: Shutting down and abandoning module PaperTiledImporter (264)
[2017.06.23-18.18.58:109][281]LogModuleManager: Shutting down and abandoning module PaperSpriteSheetImporter (262)
[2017.06.23-18.18.58:109][281]LogModuleManager: Shutting down and abandoning module Paper2DEditor (260)
[2017.06.23-18.18.58:109][281]LogModuleManager: Shutting down and abandoning module MeshPaint (259)
[2017.06.23-18.18.58:109][281]LogModuleManager: Shutting down and abandoning module LevelEditor (257)
[2017.06.23-18.18.58:110][281]LogModuleManager: Shutting down and abandoning module PixelInspectorModule (256)
[2017.06.23-18.18.58:110][281]LogModuleManager: Shutting down and abandoning module MainFrame (254)
[2017.06.23-18.18.58:110][281]LogModuleManager: Shutting down and abandoning module HotReload (253)
[2017.06.23-18.18.58:110][281]LogModuleManager: Shutting down and abandoning module PhysXVehiclesEditor (248)
[2017.06.23-18.18.58:110][281]LogModuleManager: Shutting down and abandoning module PhysXVehicles (246)
[2017.06.23-18.18.58:110][281]LogModuleManager: Shutting down and abandoning module LocationServicesBPLibrary (244)
[2017.06.23-18.18.58:110][281]LogModuleManager: Shutting down and abandoning module ImmediatePhysicsEditor (242)
[2017.06.23-18.18.58:110][281]LogModuleManager: Shutting down and abandoning module ImmediatePhysics (240)
[2017.06.23-18.18.58:110][281]LogModuleManager: Shutting down and abandoning module UdpMessaging (238)
[2017.06.23-18.18.58:211][281]LogModuleManager: Shutting down and abandoning module TcpMessaging (236)
[2017.06.23-18.18.58:312][281]LogModuleManager: Shutting down and abandoning module SubstanceCore (234)
[2017.06.23-18.18.58:312][281]LogModuleManager: Shutting down and abandoning module GameplayTagsEditor (232)
[2017.06.23-18.18.58:312][281]LogModuleManager: Shutting down and abandoning module FacialAnimationEditor (230)
[2017.06.23-18.18.58:312][281]LogModuleManager: Shutting down and abandoning module FacialAnimation (228)
[2017.06.23-18.18.58:312][281]LogModuleManager: Shutting down and abandoning module AssetManagerEditor (226)
[2017.06.23-18.18.58:312][281]LogModuleManager: Shutting down and abandoning module GraphEditor (225)
[2017.06.23-18.18.58:312][281]LogModuleManager: Shutting down and abandoning module ContentBrowser (223)
[2017.06.23-18.18.58:313][281]LogModuleManager: Shutting down and abandoning module LightPropagationVolumeRuntime (220)
[2017.06.23-18.18.58:313][281]LogModuleManager: Shutting down and abandoning module Paper2D (218)
[2017.06.23-18.18.58:313][281]LogModuleManager: Shutting down and abandoning module WindowsMoviePlayer (216)
[2017.06.23-18.18.58:313][281]LogModuleManager: Shutting down and abandoning module WmfMedia (214)
[2017.06.23-18.18.58:313][281]LogModuleManager: Shutting down and abandoning module ClothingSystemEditor (212)
[2017.06.23-18.18.58:313][281]LogModuleManager: Shutting down and abandoning module ClothingSystemRuntime (210)
[2017.06.23-18.18.58:313][281]LogModuleManager: Shutting down and abandoning module MediaAssets (208)
[2017.06.23-18.18.58:313][281]LogModuleManager: Shutting down and abandoning module GameLiveStreaming (206)
[2017.06.23-18.18.58:313][281]LogModuleManager: Shutting down and abandoning module VREditor (204)
[2017.06.23-18.18.58:313][281]LogModuleManager: Shutting down and abandoning module StringTableEditor (202)
[2017.06.23-18.18.58:313][281]LogModuleManager: Shutting down and abandoning module GameplayTasksEditor (200)
[2017.06.23-18.18.58:313][281]LogModuleManager: Shutting down and abandoning module BehaviorTreeEditor (198)
[2017.06.23-18.18.58:313][281]LogModuleManager: Shutting down and abandoning module FunctionalTesting (196)
[2017.06.23-18.18.58:313][281]LogModuleManager: Shutting down and abandoning module CollisionAnalyzer (194)
[2017.06.23-18.18.58:313][281]LogModuleManager: Shutting down and abandoning module UMG (192)
[2017.06.23-18.18.58:313][281]LogModuleManager: Shutting down and abandoning module UMGEditor (191)
[2017.06.23-18.18.58:313][281]LogModuleManager: Shutting down and abandoning module Sequencer (190)
[2017.06.23-18.18.58:314][281]LogModuleManager: Shutting down and abandoning module AssetTools (188)
[2017.06.23-18.18.58:314][281]LogModuleManager: Shutting down and abandoning module MessageLog (187)
[2017.06.23-18.18.58:314][281]LogModuleManager: Shutting down and abandoning module WorkspaceMenuStructure (186)
[2017.06.23-18.18.58:314][281]LogModuleManager: Shutting down and abandoning module SlateReflector (180)
[2017.06.23-18.18.58:314][281]LogModuleManager: Shutting down and abandoning module Slate (178)
[2017.06.23-18.18.58:314][281]LogModuleManager: Shutting down and abandoning module EditorStyle (176)
[2017.06.23-18.18.58:316][281]LogModuleManager: Shutting down and abandoning module SourceCodeAccess (174)
[2017.06.23-18.18.58:316][281]LogModuleManager: Shutting down and abandoning module HeadMountedDisplay (172)
[2017.06.23-18.18.58:316][281]LogModuleManager: Shutting down and abandoning module XAudio2 (170)
[2017.06.23-18.18.58:316][281]LogModuleManager: Shutting down and abandoning module Networking (168)
[2017.06.23-18.18.58:316][281]LogModuleManager: Shutting down and abandoning module Core (164)
[2017.06.23-18.18.58:316][281]LogModuleManager: Shutting down and abandoning module AssetRegistry (162)
[2017.06.23-18.18.58:530][281]LogDirectoryWatcher: A directory notification for '../../../Engine/Content/' was aborted.
[2017.06.23-18.18.58:530][281]LogDirectoryWatcher: A directory notification for '../../../../../../Users/chris/Documents/Unreal Projects/VictorianStreet/Content/' was aborted.
[2017.06.23-18.18.58:530][281]LogDirectoryWatcher: A directory notification for '../../../Engine/Plugins/2D/Paper2D/Content/' was aborted.
[2017.06.23-18.18.58:530][281]LogDirectoryWatcher: A directory notification for '../../../Engine/Plugins/Runtime/GearVR/Content/' was aborted.
[2017.06.23-18.18.58:533][281]LogModuleManager: Shutting down and abandoning module DirectoryWatcher (161)
[2017.06.23-18.18.58:533][281]LogModuleManager: Shutting down and abandoning module KismetCompiler (158)
[2017.06.23-18.18.58:533][281]LogModuleManager: Shutting down and abandoning module LevelSequence (156)
[2017.06.23-18.18.58:533][281]LogModuleManager: Shutting down and abandoning module PhysXFormats (154)
[2017.06.23-18.18.58:533][281]LogModuleManager: Shutting down and abandoning module MeshUtilities (152)
[2017.06.23-18.18.58:533][281]LogModuleManager: Shutting down and abandoning module SimplygonSwarm (151)
[2017.06.23-18.18.58:533][281]LogModuleManager: Shutting down and abandoning module SimplygonMeshReduction (149)
[2017.06.23-18.18.58:533][281]LogModuleManager: Shutting down and abandoning module QuadricMeshReduction (147)
[2017.06.23-18.18.58:533][281]LogModuleManager: Shutting down and abandoning module DerivedDataCache (144)
[2017.06.23-18.18.58:623][281]LogDerivedDataCache: Shutdown
[2017.06.23-18.18.58:623][281]LogModuleManager: Shutting down and abandoning module TargetPlatform (142)
[2017.06.23-18.18.58:623][281]LogModuleManager: Shutting down and abandoning module VulkanShaderFormat (141)
[2017.06.23-18.18.58:623][281]LogModuleManager: Shutting down and abandoning module ShaderFormatVectorVM (139)
[2017.06.23-18.18.58:623][281]LogModuleManager: Shutting down and abandoning module ShaderFormatOpenGL (137)
[2017.06.23-18.18.58:623][281]LogModuleManager: Shutting down and abandoning module ShaderFormatD3D (135)
[2017.06.23-18.18.58:623][281]LogModuleManager: Shutting down and abandoning module MetalShaderFormat (133)
[2017.06.23-18.18.58:623][281]LogModuleManager: Shutting down and abandoning module TextureFormatUncompressed (131)
[2017.06.23-18.18.58:623][281]LogModuleManager: Shutting down and abandoning module TextureFormatPVR (129)
[2017.06.23-18.18.58:623][281]LogModuleManager: Shutting down and abandoning module TextureFormatDXT (127)
[2017.06.23-18.18.58:623][281]LogModuleManager: Shutting down and abandoning module TextureFormatIntelISPCTexComp (125)
[2017.06.23-18.18.58:623][281]LogModuleManager: Shutting down and abandoning module TextureFormatASTC (123)
[2017.06.23-18.18.58:623][281]LogModuleManager: Shutting down and abandoning module ImageWrapper (122)
[2017.06.23-18.18.58:623][281]LogModuleManager: Shutting down and abandoning module TextureFormatAndroid (119)
[2017.06.23-18.18.58:623][281]LogModuleManager: Shutting down and abandoning module AudioFormatOpus (117)
[2017.06.23-18.18.58:624][281]LogModuleManager: Shutting down and abandoning module AudioFormatOgg (115)
[2017.06.23-18.18.58:624][281]LogModuleManager: Shutting down and abandoning module AudioFormatADPCM (113)
[2017.06.23-18.18.58:624][281]LogModuleManager: Shutting down and abandoning module LinuxTargetPlatform (111)
[2017.06.23-18.18.58:624][281]LogModuleManager: Shutting down and abandoning module LinuxServerTargetPlatform (109)
[2017.06.23-18.18.58:624][281]LogModuleManager: Shutting down and abandoning module LinuxNoEditorTargetPlatform (107)
[2017.06.23-18.18.58:624][281]LogModuleManager: Shutting down and abandoning module LinuxClientTargetPlatform (105)
[2017.06.23-18.18.58:624][281]LogModuleManager: Shutting down and abandoning module TVOSTargetPlatform (103)
[2017.06.23-18.18.58:624][281]LogModuleManager: Shutting down and abandoning module Messaging (101)
[2017.06.23-18.18.58:624][281]LogModuleManager: Shutting down and abandoning module IOSTargetPlatform (99)
[2017.06.23-18.18.58:624][281]LogModuleManager: Shutting down and abandoning module HTML5TargetPlatform (97)
[2017.06.23-18.18.58:624][281]LogModuleManager: Shutting down and abandoning module Android_PVRTCTargetPlatform (95)
[2017.06.23-18.18.58:624][281]LogModuleManager: Shutting down and abandoning module Android_MultiTargetPlatform (93)
[2017.06.23-18.18.58:624][281]LogModuleManager: Shutting down and abandoning module Android_ETC2TargetPlatform (91)
[2017.06.23-18.18.58:624][281]LogModuleManager: Shutting down and abandoning module Android_ETC1TargetPlatform (89)
[2017.06.23-18.18.58:624][281]LogModuleManager: Shutting down and abandoning module Android_DXTTargetPlatform (87)
[2017.06.23-18.18.58:624][281]LogModuleManager: Shutting down and abandoning module Android_ATCTargetPlatform (85)
[2017.06.23-18.18.58:624][281]LogModuleManager: Shutting down and abandoning module Android_ASTCTargetPlatform (83)
[2017.06.23-18.18.58:624][281]LogModuleManager: Shutting down and abandoning module AndroidTargetPlatform (81)
[2017.06.23-18.18.58:624][281]LogModuleManager: Shutting down and abandoning module WindowsTargetPlatform (79)
[2017.06.23-18.18.58:624][281]LogModuleManager: Shutting down and abandoning module WindowsServerTargetPlatform (77)
[2017.06.23-18.18.58:624][281]LogModuleManager: Shutting down and abandoning module WindowsNoEditorTargetPlatform (75)
[2017.06.23-18.18.58:624][281]LogModuleManager: Shutting down and abandoning module WindowsClientTargetPlatform (73)
[2017.06.23-18.18.58:624][281]LogModuleManager: Shutting down and abandoning module MacTargetPlatform (71)
[2017.06.23-18.18.58:624][281]LogModuleManager: Shutting down and abandoning module MacServerTargetPlatform (69)
[2017.06.23-18.18.58:624][281]LogModuleManager: Shutting down and abandoning module MacNoEditorTargetPlatform (67)
[2017.06.23-18.18.58:624][281]LogModuleManager: Shutting down and abandoning module MacClientTargetPlatform (65)
[2017.06.23-18.18.58:624][281]LogModuleManager: Shutting down and abandoning module AllDesktopTargetPlatform (63)
[2017.06.23-18.18.58:624][281]LogModuleManager: Shutting down and abandoning module InputCore (60)
[2017.06.23-18.18.58:624][281]LogModuleManager: Shutting down and abandoning module Settings (58)
[2017.06.23-18.18.58:624][281]LogModuleManager: Shutting down and abandoning module OculusRift (56)
[2017.06.23-18.18.58:624][281]LogModuleManager: Shutting down and abandoning module GearVRController (54)
[2017.06.23-18.18.58:624][281]LogModuleManager: Shutting down and abandoning module GearVR (52)
[2017.06.23-18.18.58:624][281]LogModuleManager: Shutting down and abandoning module ExampleDeviceProfileSelector (50)
[2017.06.23-18.18.58:624][281]LogModuleManager: Shutting down and abandoning module OnlineBlueprintSupport (48)
[2017.06.23-18.18.58:624][281]LogModuleManager: Shutting down and abandoning module OnlineSubsystem (44)
[2017.06.23-18.18.58:624][281]LogOnline:Display: Unloading online subsystem: NULL
[2017.06.23-18.18.58:624][281]LogModuleManager: Shutting down and abandoning module XMPP (43)
[2017.06.23-18.18.58:624][281]LogModuleManager: Shutting down and abandoning module HTTP (41)
[2017.06.23-18.18.58:624][281]LogHttp:Display: Http module shutting down, but needs to wait on 1 outstanding Http requests:
[2017.06.23-18.18.58:624][281]LogHttp:Display: 	verb=[POST] url=[https://datarouter.ol.epicgames.com/datarouter/api/v1/public/data?SessionID=%7B4E5F394A-486A-D1C9-213A-3C9B986C955C%7D&AppID=UEEditor.Rocket.Release&AppVersion=4.16.1-3466753%2B%2B%2BUE4%2BRelease-4.16&UserID=ec7dcac6428d904c8301f4935bdc99f1%7C4846e105ff564148a17c92a13451d5a1%7Caa4acc30-a812-4e83-b409-81c4d6ea3a96&AppEnvironment=datacollector-binary&UploadType=eteventstream] status=Processing
[2017.06.23-18.18.58:649][281]LogModuleManager: Shutting down and abandoning module SSL (40)
[2017.06.23-18.18.58:650][281]LogModuleManager: Shutting down and abandoning module HTTPChunkInstaller (36)
[2017.06.23-18.18.58:650][281]LogModuleManager: Shutting down and abandoning module AnimationModifiers (34)
[2017.06.23-18.18.58:650][281]LogModuleManager: Shutting down and abandoning module PropertyEditor (33)
[2017.06.23-18.18.58:650][281]LogModuleManager: Shutting down and abandoning module AudioEditor (30)
[2017.06.23-18.18.58:650][281]LogModuleManager: Shutting down and abandoning module TextureCompressor (28)
[2017.06.23-18.18.58:651][281]LogModuleManager: Shutting down and abandoning module ShaderCore (26)
[2017.06.23-18.18.58:651][281]LogModuleManager: Shutting down and abandoning module Landscape (24)
[2017.06.23-18.18.58:651][281]LogModuleManager: Shutting down and abandoning module SlateRHIRenderer (22)
[2017.06.23-18.18.58:652][281]LogModuleManager: Shutting down and abandoning module OpenGLDrv (20)
[2017.06.23-18.18.58:652][281]LogModuleManager: Shutting down and abandoning module D3D11RHI (18)
[2017.06.23-18.18.58:652][281]LogModuleManager: Shutting down and abandoning module AnimGraphRuntime (16)
[2017.06.23-18.18.58:652][281]LogModuleManager: Shutting down and abandoning module Renderer (14)
[2017.06.23-18.18.58:652][281]LogModuleManager: Shutting down and abandoning module Engine (12)
[2017.06.23-18.18.58:652][281]LogModuleManager: Shutting down and abandoning module CoreUObject (10)
[2017.06.23-18.18.58:652][281]LogModuleManager: Shutting down and abandoning module NetworkFile (8)
[2017.06.23-18.18.58:652][281]LogModuleManager: Shutting down and abandoning module StreamingFile (6)
[2017.06.23-18.18.58:652][281]LogModuleManager: Shutting down and abandoning module SandboxFile (4)
[2017.06.23-18.18.58:652][281]LogModuleManager: Shutting down and abandoning module PakFile (2)
[2017.06.23-18.18.58:654][281]LogExit: Exiting.
[2017.06.23-18.18.58:668][281]Log file closed, 06/23/17 14:18:58
